D:\WORKSPACE\GIT\TWIST\CLI_PROJECT\X64\DEBUG\.NETFRAMEWORK,VERSION=V4.0.ASSEMBLYATTRIBUTES.OBJ
D:\WORKSPACE\GIT\TWIST\CLI_PROJECT\X64\DEBUG\CALFORM.OBJ
D:\Workspace\git\Twist\cli_project\x64\Debug\cl.command.1.tlog
D:\Workspace\git\Twist\cli_project\x64\Debug\CL.read.1.tlog
D:\Workspace\git\Twist\cli_project\x64\Debug\CL.write.1.tlog
D:\WORKSPACE\GIT\TWIST\CLI_PROJECT\X64\DEBUG\CLI_PROJECT.EXE.INTERMEDIATE.MANIFEST
D:\Workspace\git\Twist\cli_project\x64\Debug\cli_project.vcxproj.GenerateResource.Cache
D:\Workspace\git\Twist\cli_project\x64\Debug\CLI_Project.write.1.tlog
D:\Workspace\git\Twist\cli_project\x64\Debug\link.2856.read.1.tlog
D:\Workspace\git\Twist\cli_project\x64\Debug\link.2856.write.1.tlog
D:\Workspace\git\Twist\cli_project\x64\Debug\link.2856-cvtres.read.1.tlog
D:\Workspace\git\Twist\cli_project\x64\Debug\link.2856-cvtres.write.1.tlog
D:\Workspace\git\Twist\cli_project\x64\Debug\link.command.1.tlog
D:\Workspace\git\Twist\cli_project\x64\Debug\link.read.1.tlog
D:\Workspace\git\Twist\cli_project\x64\Debug\link.write.1.tlog
D:\Workspace\git\Twist\cli_project\x64\Debug\ManagementSystemV5.adIndexForm.resources
D:\Workspace\git\Twist\cli_project\x64\Debug\ManagementSystemV5.adIndexForm_v4.resources
D:\Workspace\git\Twist\cli_project\x64\Debug\ManagementSystemV5.calForm.resources
D:\Workspace\git\Twist\cli_project\x64\Debug\ManagementSystemV5.childForm.resources
D:\Workspace\git\Twist\cli_project\x64\Debug\ManagementSystemV5.followForm.resources
D:\Workspace\git\Twist\cli_project\x64\Debug\ManagementSystemV5.judge.resources
D:\Workspace\git\Twist\cli_project\x64\Debug\ManagementSystemV5.keyTest.resources
D:\Workspace\git\Twist\cli_project\x64\Debug\ManagementSystemV5.loginForm.resources
D:\Workspace\git\Twist\cli_project\x64\Debug\ManagementSystemV5.netClient.resources
D:\Workspace\git\Twist\cli_project\x64\Debug\ManagementSystemV5.netServer.resources
D:\Workspace\git\Twist\cli_project\x64\Debug\ManagementSystemV5.stuIndexForm.resources
D:\Workspace\git\Twist\cli_project\x64\Debug\ManagementSystemV5.stuInfo.resources
D:\Workspace\git\Twist\cli_project\x64\Debug\ManagementSystemV5.stuList.resources
D:\Workspace\git\Twist\cli_project\x64\Debug\ManagementSystemV5.stuList_c4.resources
D:\Workspace\git\Twist\cli_project\x64\Debug\ManagementSystemV5.updatePasswd.resources
D:\Workspace\git\Twist\cli_project\x64\Debug\mt.command.1.tlog
D:\Workspace\git\Twist\cli_project\x64\Debug\mt.read.1.tlog
D:\Workspace\git\Twist\cli_project\x64\Debug\mt.write.1.tlog
D:\Workspace\git\Twist\cli_project\x64\Debug\rc.command.1.tlog
D:\Workspace\git\Twist\cli_project\x64\Debug\rc.read.1.tlog
D:\Workspace\git\Twist\cli_project\x64\Debug\rc.write.1.tlog
D:\WORKSPACE\GIT\TWIST\CLI_PROJECT\X64\DEBUG\RESOURCE.RES
D:\WORKSPACE\GIT\TWIST\CLI_PROJECT\X64\DEBUG\VC100.PDB
D:\Workspace\git\Twist\x64\Debug\AccessSimpleDLL.dll
D:\Workspace\git\Twist\x64\Debug\AccessSimpleDLL.pdb
D:\Workspace\git\Twist\x64\Debug\AccessSimpleDLL.xml
D:\WORKSPACE\GIT\TWIST\X64\DEBUG\CLI_PROJECT.EXE
D:\WORKSPACE\GIT\TWIST\X64\DEBUG\CLI_PROJECT.ILK
D:\WORKSPACE\GIT\TWIST\X64\DEBUG\CLI_PROJECT.PDB
D:\Workspace\git\Twist\x64\Debug\excelDLL.dll
D:\Workspace\git\Twist\x64\Debug\excelDLL.pdb
D:\Workspace\git\Twist\x64\Debug\excelDLL.xml
D:\Workspace\git\Twist\x64\Debug\pptDLL.dll
D:\Workspace\git\Twist\x64\Debug\pptDLL.pdb
D:\Workspace\git\Twist\x64\Debug\pptDLL.xml
D:\Workspace\git\Twist\x64\Debug\wordDLL.dll
D:\Workspace\git\Twist\x64\Debug\wordDLL.pdb
D:\Workspace\git\Twist\x64\Debug\wordDLL.xml
